<?xml version="1.0" encoding="UTF-8"?>
<!-- Generated by org.testng.reporters.JUnitReportReporter -->
<testsuite name="com.MobileAutomationFRameworkForIos.ios_framework.TestBase" tests="1" time="96.192" ignored="0" failures="0" timestamp="09 Aug 2017 17:18:51 GMT" skipped="0" hostname="Choudhurys-MacBook-Air.local" errors="0">
  <testcase name="sauceLabSafariIOs" time="96.192" classname="com.MobileAutomationFRameworkForIos.ios_framework.TestBase"/>
</testsuite> <!-- com.MobileAutomationFRameworkForIos.ios_framework.TestBase -->
